
17:46:31,427  INFO main VKapiTest:deleteMessageTest:62 - Test 3 'DELETE' are starting.....
17:46:33,355  INFO main VKapiTest:deleteMessageTest:66 - Test 3 continue....
17:46:33,544  INFO main VKapiTest:deleteMessageTest:71 - Test 3 assert and end....
17:46:33,562  INFO main VKapiTest:postMessageTest:26 - test number 1 'POST' are starting.....
17:46:33,797  INFO main VKapiTest:postMessageTest:30 - Test 1 continue....
17:46:33,797  INFO main VKapiTest:postMessageTest:33 - Test 1 assert....
17:46:33,985  INFO main VKapiTest:postMessageTest:36 - Test 1 ended
17:46:33,985  INFO main VKapiTest:editMessageTest:44 - test number 2 'EDIT' are starting.....
17:46:34,172  INFO main VKapiTest:editMessageTest:48 - Test 2 edit....
17:46:34,391  INFO main VKapiTest:editMessageTest:53 - Test 2 assert....
17:46:34,541  INFO main VKapiTest:editMessageTest:56 - Test 2 end....
00:20:55,134  INFO main VKapiTest:deleteMessageTest:62 - Test 3 'DELETE' are starting.....
00:20:57,297  INFO main VKapiTest:deleteMessageTest:66 - Test 3 continue....
00:20:57,491  INFO main VKapiTest:deleteMessageTest:71 - Test 3 assert and end....
00:20:57,500  INFO main VKapiTest:postMessageTest:26 - test number 1 'POST' are starting.....
00:20:57,793  INFO main VKapiTest:postMessageTest:30 - Test 1 continue....
00:20:57,793  INFO main VKapiTest:postMessageTest:33 - Test 1 assert....
00:20:57,960  INFO main VKapiTest:postMessageTest:36 - Test 1 ended
00:20:57,971  INFO main VKapiTest:editMessageTest:44 - test number 2 'EDIT' are starting.....
00:20:58,178  INFO main VKapiTest:editMessageTest:48 - Test 2 edit....
00:20:58,331  INFO main VKapiTest:editMessageTest:53 - Test 2 assert....
00:20:58,495  INFO main VKapiTest:editMessageTest:56 - Test 2 end....
00:37:41,580  INFO main VKapiTest:deleteMessageTest:62 - Test 3 'DELETE' are starting.....
00:37:43,369  INFO main VKapiTest:deleteMessageTest:66 - Test 3 continue....
00:37:43,572  INFO main VKapiTest:deleteMessageTest:71 - Test 3 assert and end....
00:37:43,590  INFO main VKapiTest:postMessageTest:26 - test number 1 'POST' are starting.....
00:37:43,938  INFO main VKapiTest:postMessageTest:30 - Test 1 continue....
00:37:43,939  INFO main VKapiTest:postMessageTest:33 - Test 1 assert....
00:37:44,105  INFO main VKapiTest:postMessageTest:36 - Test 1 ended
00:37:44,109  INFO main VKapiTest:editMessageTest:44 - test number 2 'EDIT' are starting.....
00:37:44,345  INFO main VKapiTest:editMessageTest:48 - Test 2 edit....
00:37:44,552  INFO main VKapiTest:editMessageTest:53 - Test 2 assert....
00:37:44,778  INFO main VKapiTest:editMessageTest:56 - Test 2 end....
01:05:25,374  INFO main VKapiTest:deleteMessageTest:62 - Test 3 'DELETE' are starting.....
01:05:27,470  INFO main VKapiTest:deleteMessageTest:66 - Test 3 continue....
01:05:27,664  INFO main VKapiTest:deleteMessageTest:71 - Test 3 assert and end....
01:05:27,678  INFO main VKapiTest:postMessageTest:26 - test number 1 'POST' are starting.....
01:05:27,934  INFO main VKapiTest:postMessageTest:30 - Test 1 continue....
01:05:27,939  INFO main VKapiTest:postMessageTest:33 - Test 1 assert....
01:05:28,129  INFO main VKapiTest:postMessageTest:36 - Test 1 ended
01:05:28,134  INFO main VKapiTest:editMessageTest:44 - test number 2 'EDIT' are starting.....
01:05:28,370  INFO main VKapiTest:editMessageTest:48 - Test 2 edit....
01:05:28,570  INFO main VKapiTest:editMessageTest:53 - Test 2 assert....
01:05:28,709  INFO main VKapiTest:editMessageTest:56 - Test 2 end....
01:25:45,318  INFO main VKapiTest:postMessageTest:27 - test number 1 'POST' are starting.....
01:25:46,684  INFO main VKapiTest:postMessageTest:31 - Test 1 continue....
01:25:46,699  INFO main VKapiTest:postMessageTest:34 - Test 1 assert....
01:25:46,870  INFO main VKapiTest:postMessageTest:37 - Test 1 ended
01:25:58,331  INFO main VKapiTest:deleteMessageTest:63 - Test 3 'DELETE' are starting.....
01:25:59,764  INFO main VKapiTest:deleteMessageTest:67 - Test 3 continue....
01:25:59,949  INFO main VKapiTest:deleteMessageTest:72 - Test 3 assert and end....
01:25:59,959  INFO main VKapiTest:editMessageTest:45 - test number 2 'EDIT' are starting.....
01:26:00,174  INFO main VKapiTest:editMessageTest:49 - Test 2 edit....
01:26:00,379  INFO main VKapiTest:editMessageTest:54 - Test 2 assert....
01:26:00,569  INFO main VKapiTest:editMessageTest:57 - Test 2 end....
01:26:00,574  INFO main VKapiTest:postMessageTest:27 - test number 1 'POST' are starting.....
01:26:00,809  INFO main VKapiTest:postMessageTest:31 - Test 1 continue....
01:26:00,809  INFO main VKapiTest:postMessageTest:34 - Test 1 assert....
01:26:00,994  INFO main VKapiTest:postMessageTest:37 - Test 1 ended
01:27:55,442  INFO main VKapiTest:deleteMessageTest:63 - Test 3 'DELETE' are starting.....
01:27:56,770  INFO main VKapiTest:deleteMessageTest:67 - Test 3 continue....
01:27:56,945  INFO main VKapiTest:deleteMessageTest:72 - Test 3 assert and end....
01:27:56,974  INFO main VKapiTest:editMessageTest:45 - test number 2 'EDIT' are starting.....
01:27:57,238  INFO main VKapiTest:editMessageTest:49 - Test 2 edit....
01:27:57,419  INFO main VKapiTest:editMessageTest:54 - Test 2 assert....
01:27:57,560  INFO main VKapiTest:editMessageTest:57 - Test 2 end....
01:27:57,560  INFO main VKapiTest:postMessageTest:27 - test number 1 'POST' are starting.....
01:27:57,796  INFO main VKapiTest:postMessageTest:31 - Test 1 continue....
01:27:57,796  INFO main VKapiTest:postMessageTest:34 - Test 1 assert....
01:27:57,965  INFO main VKapiTest:postMessageTest:37 - Test 1 ended
01:31:12,956  INFO main VKapiTest:deleteMessageTest:63 - Test 3 'DELETE' are starting.....
01:31:14,456  INFO main VKapiTest:deleteMessageTest:67 - Test 3 continue....
01:31:14,662  INFO main VKapiTest:deleteMessageTest:72 - Test 3 assert and end....
01:31:14,666  INFO main VKapiTest:editMessageTest:45 - test number 2 'EDIT' are starting.....
01:31:14,898  INFO main VKapiTest:editMessageTest:49 - Test 2 edit....
01:31:15,076  INFO main VKapiTest:editMessageTest:54 - Test 2 assert....
01:31:15,346  INFO main VKapiTest:editMessageTest:57 - Test 2 end....
01:31:15,347  INFO main VKapiTest:postMessageTest:27 - test number 1 'POST' are starting.....
01:31:15,567  INFO main VKapiTest:postMessageTest:31 - Test 1 continue....
01:31:15,567  INFO main VKapiTest:postMessageTest:34 - Test 1 assert....
01:31:15,717  INFO main VKapiTest:postMessageTest:37 - Test 1 ended
01:37:55,777  INFO main VKapiTest:deleteMessageTest:63 - Test 3 'DELETE' are starting.....
01:37:57,870  INFO main VKapiTest:deleteMessageTest:67 - Test 3 continue....
01:37:58,060  INFO main VKapiTest:deleteMessageTest:72 - Test 3 assert and end....
01:37:58,069  INFO main VKapiTest:editMessageTest:45 - test number 2 'EDIT' are starting.....
01:37:58,288  INFO main VKapiTest:editMessageTest:49 - Test 2 edit....
01:37:58,480  INFO main VKapiTest:editMessageTest:54 - Test 2 assert....
01:37:58,628  INFO main VKapiTest:editMessageTest:57 - Test 2 end....
01:37:58,629  INFO main VKapiTest:postMessageTest:27 - test number 1 'POST' are starting.....
01:37:58,842  INFO main VKapiTest:postMessageTest:31 - Test 1 continue....
01:37:58,843  INFO main VKapiTest:postMessageTest:34 - Test 1 assert....
01:37:59,007  INFO main VKapiTest:postMessageTest:37 - Test 1 ended
01:41:37,159  INFO main VKapiTest:deleteMessageTest:63 - Test 3 'DELETE' are starting.....
01:41:39,008  INFO main VKapiTest:deleteMessageTest:67 - Test 3 continue....
01:41:39,169  INFO main VKapiTest:deleteMessageTest:72 - Test 3 assert and end....
01:41:39,178  INFO main VKapiTest:editMessageTest:45 - test number 2 'EDIT' are starting.....
01:41:39,501  INFO main VKapiTest:editMessageTest:49 - Test 2 edit....
01:41:39,691  INFO main VKapiTest:editMessageTest:54 - Test 2 assert....
01:41:39,853  INFO main VKapiTest:editMessageTest:57 - Test 2 end....
01:41:39,854  INFO main VKapiTest:postMessageTest:27 - test number 1 'POST' are starting.....
01:41:40,053  INFO main VKapiTest:postMessageTest:31 - Test 1 continue....
01:41:40,053  INFO main VKapiTest:postMessageTest:34 - Test 1 assert....
01:41:40,237  INFO main VKapiTest:postMessageTest:37 - Test 1 ended
01:45:19,333  INFO main VKapiTest:deleteMessageTest:63 - Test 3 'DELETE' are starting.....
01:45:20,732  INFO main VKapiTest:deleteMessageTest:67 - Test 3 continue....
01:45:20,893  INFO main VKapiTest:deleteMessageTest:72 - Test 3 assert and end....
01:45:20,902  INFO main VKapiTest:editMessageTest:45 - test number 2 'EDIT' are starting.....
01:45:21,166  INFO main VKapiTest:editMessageTest:49 - Test 2 edit....
01:45:21,329  INFO main VKapiTest:editMessageTest:54 - Test 2 assert....
01:45:21,521  INFO main VKapiTest:editMessageTest:57 - Test 2 end....
01:45:21,525  INFO main VKapiTest:postMessageTest:27 - test number 1 'POST' are starting.....
01:45:21,731  INFO main VKapiTest:postMessageTest:31 - Test 1 continue....
01:45:21,732  INFO main VKapiTest:postMessageTest:34 - Test 1 assert....
01:45:21,904  INFO main VKapiTest:postMessageTest:37 - Test 1 ended
